<?xml version="1.0" encoding="UTF-8"?>
<!-- Generated by org.testng.reporters.JUnitXMLReporter -->
<testsuite ignored="2" hostname="INHYD-GF401B3" failures="0" tests="1" name="CelticClouds" time="111.625" errors="0" timestamp="2022-06-15T13:19:19 IST">
  <testcase classname="MockNativeSystem.MockNativeSystem" name="CelticClouds" time="48.853"/>
  <testcase classname="MockNativeSystem.MockNativeSystem" name="Ruby" time="0.0">
    <ignored/>
  </testcase> <!-- Ruby -->
  <testcase classname="MockNativeSystem.MockNativeSystem" name="Lucky" time="0.0">
    <ignored/>
  </testcase> <!-- Lucky -->
</testsuite> <!-- CelticClouds -->
