<?xml version="1.0" encoding="UTF-8"?>
<!-- Generated by org.testng.reporters.JUnitXMLReporter -->
<testsuite ignored="13" hostname="INHYD-GF401B3" failures="1" tests="1" name="ChristmasBalls" time="178.157" errors="0" timestamp="2022-05-25T19:55:34 IST">
  <testcase classname="Poland.plGames" name="ChristmasBalls" time="146.831">
    <failure type="org.sikuli.script.FindFailed" message="C:/Users/pdf57170/Desktop/sekuliImages/PolandGames/Christmas balls/auto6.png: (190x68) seen at (709, 593) with 0.87 in S(0)[0,0 1366x768] E:Y, T:3.0">
      <![CDATA[FindFailed: C:/Users/pdf57170/Desktop/sekuliImages/PolandGames/Christmas balls/auto6.png: (190x68) seen at (709, 593) with 0.87 in S(0)[0,0 1366x768] E:Y, T:3.0
  Line 2761, in file Region.java

at org.sikuli.script.Region.wait(Region.java:2761)
at org.sikuli.script.Region.find(Region.java:2326)
at org.sikuli.script.Region.getLocationFromTarget(Region.java:3220)
at org.sikuli.script.Region.click(Region.java:3718)
at org.sikuli.script.Region.click(Region.java:3703)
at Poland.plGames.ChristmasBalls(plGames.java:281)
at java.base/java.util.ArrayList.forEach(ArrayList.java:1511)
... Removed 25 stack frames]]>
    </failure>
  </testcase> <!-- ChristmasBalls -->
  <testcase classname="Poland.plGames" name="Garniec" time="0.0">
    <ignored/>
  </testcase> <!-- Garniec -->
  <testcase classname="Poland.plGames" name="redPepperHot" time="0.0">
    <ignored/>
  </testcase> <!-- redPepperHot -->
  <testcase classname="Poland.plGames" name="emotki" time="0.0">
    <ignored/>
  </testcase> <!-- emotki -->
  <testcase classname="Poland.plGames" name="Diamond" time="0.0">
    <ignored/>
  </testcase> <!-- Diamond -->
  <testcase classname="Poland.plGames" name="goldRush" time="0.0">
    <ignored/>
  </testcase> <!-- goldRush -->
  <testcase classname="Poland.plGames" name="Antyki" time="0.0">
    <ignored/>
  </testcase> <!-- Antyki -->
  <testcase classname="Poland.plGames" name="btyskothi" time="0.0">
    <ignored/>
  </testcase> <!-- btyskothi -->
  <testcase classname="Poland.plGames" name="gorki" time="0.0">
    <ignored/>
  </testcase> <!-- gorki -->
  <testcase classname="Poland.plGames" name="Duszki" time="0.0">
    <ignored/>
  </testcase> <!-- Duszki -->
  <testcase classname="Poland.plGames" name="Cyferki" time="0.0">
    <ignored/>
  </testcase> <!-- Cyferki -->
  <testcase classname="Poland.plGames" name="Egypt" time="0.0">
    <ignored/>
  </testcase> <!-- Egypt -->
  <testcase classname="Poland.plGames" name="Card5" time="0.0">
    <ignored/>
  </testcase> <!-- Card5 -->
  <testcase classname="Poland.plGames" name="triplePlatinum" time="0.0">
    <ignored/>
  </testcase> <!-- triplePlatinum -->
</testsuite> <!-- ChristmasBalls -->
