<?xml version="1.0" encoding="UTF-8"?>
<!-- Generated by org.testng.reporters.JUnitXMLReporter -->
<testsuite ignored="2" hostname="INHYD-GF401B3" failures="0" tests="1" name="Ruby" time="116.905" errors="0" timestamp="2022-06-15T13:17:28 IST">
  <testcase classname="MockNativeSystem.MockNativeSystem" name="Ruby" time="53.268"/>
  <testcase classname="MockNativeSystem.MockNativeSystem" name="CelticClouds" time="0.0">
    <ignored/>
  </testcase> <!-- CelticClouds -->
  <testcase classname="MockNativeSystem.MockNativeSystem" name="Lucky" time="0.0">
    <ignored/>
  </testcase> <!-- Lucky -->
</testsuite> <!-- Ruby -->
