<?xml version="1.0" encoding="UTF-8"?>
<!-- Generated by org.testng.reporters.JUnitXMLReporter -->
<testsuite ignored="13" hostname="INHYD-GF401B3" failures="0" tests="1" name="Egypt" time="191.767" errors="0" timestamp="2022-05-30T20:23:04 IST">
  <testcase classname="Poland.buyGames" name="Egypt" time="162.938"/>
  <testcase classname="Poland.buyGames" name="Antyki" time="0.0">
    <ignored/>
  </testcase> <!-- Antyki -->
  <testcase classname="Poland.buyGames" name="Duszki" time="0.0">
    <ignored/>
  </testcase> <!-- Duszki -->
  <testcase classname="Poland.buyGames" name="emotki" time="0.0">
    <ignored/>
  </testcase> <!-- emotki -->
  <testcase classname="Poland.buyGames" name="Cyferki" time="0.0">
    <ignored/>
  </testcase> <!-- Cyferki -->
  <testcase classname="Poland.buyGames" name="triplePlatinum" time="0.0">
    <ignored/>
  </testcase> <!-- triplePlatinum -->
  <testcase classname="Poland.buyGames" name="hotPepperPayout" time="0.0">
    <ignored/>
  </testcase> <!-- hotPepperPayout -->
  <testcase classname="Poland.buyGames" name="Diamond" time="0.0">
    <ignored/>
  </testcase> <!-- Diamond -->
  <testcase classname="Poland.buyGames" name="Garniec" time="0.0">
    <ignored/>
  </testcase> <!-- Garniec -->
  <testcase classname="Poland.buyGames" name="btyskothi" time="0.0">
    <ignored/>
  </testcase> <!-- btyskothi -->
  <testcase classname="Poland.buyGames" name="Card5" time="0.0">
    <ignored/>
  </testcase> <!-- Card5 -->
  <testcase classname="Poland.buyGames" name="ChristmasBalls" time="0.0">
    <ignored/>
  </testcase> <!-- ChristmasBalls -->
  <testcase classname="Poland.buyGames" name="gorki" time="0.0">
    <ignored/>
  </testcase> <!-- gorki -->
  <testcase classname="Poland.buyGames" name="goldRush" time="0.0">
    <ignored/>
  </testcase> <!-- goldRush -->
</testsuite> <!-- Egypt -->
