<?xml version="1.0" encoding="UTF-8"?>
<testng-results ignored="6" total="9" passed="3" failed="0" skipped="0">
  <reporter-output>
  </reporter-output>
  <suite started-at="2022-06-15T13:15:31 IST" name="Suite" finished-at="2022-06-15T13:21:18 IST" duration-ms="347540">
    <groups>
    </groups>
    <test started-at="2022-06-15T13:15:31 IST" name="Ruby" finished-at="2022-06-15T13:17:28 IST" duration-ms="116905">
      <class name="MockNativeSystem.MockNativeSystem">
        <test-method is-config="true" signature="BeforeTest()[pri:0, instance:MockNativeSystem.MockNativeSystem@15ff3e9e]" started-at="2022-06-15T13:15:31 IST" name="BeforeTest" finished-at="2022-06-15T13:16:34 IST" duration-ms="63517" status="PASS">
          <reporter-output>
          </reporter-output>
        </test-method> <!-- BeforeTest -->
        <test-method signature="Ruby()[pri:0, instance:MockNativeSystem.MockNativeSystem@15ff3e9e]" started-at="2022-06-15T13:16:34 IST" name="Ruby" finished-at="2022-06-15T13:17:28 IST" duration-ms="53268" status="PASS">
          <reporter-output>
          </reporter-output>
        </test-method> <!-- Ruby -->
        <test-method is-config="true" signature="closeWindow()[pri:0, instance:MockNativeSystem.MockNativeSystem@15ff3e9e]" started-at="2022-06-15T13:17:28 IST" name="closeWindow" finished-at="2022-06-15T13:17:28 IST" duration-ms="72" status="PASS">
          <reporter-output>
          </reporter-output>
        </test-method> <!-- closeWindow -->
      </class> <!-- MockNativeSystem.MockNativeSystem -->
    </test> <!-- Ruby -->
    <test started-at="2022-06-15T13:17:28 IST" name="CelticClouds" finished-at="2022-06-15T13:19:19 IST" duration-ms="111625">
      <class name="MockNativeSystem.MockNativeSystem">
        <test-method is-config="true" signature="BeforeTest()[pri:0, instance:MockNativeSystem.MockNativeSystem@36902638]" started-at="2022-06-15T13:17:28 IST" name="BeforeTest" finished-at="2022-06-15T13:18:30 IST" duration-ms="62679" status="PASS">
          <reporter-output>
          </reporter-output>
        </test-method> <!-- BeforeTest -->
        <test-method signature="CelticClouds()[pri:0, instance:MockNativeSystem.MockNativeSystem@36902638]" started-at="2022-06-15T13:18:30 IST" name="CelticClouds" finished-at="2022-06-15T13:19:19 IST" duration-ms="48853" status="PASS">
          <reporter-output>
          </reporter-output>
        </test-method> <!-- CelticClouds -->
        <test-method is-config="true" signature="closeWindow()[pri:0, instance:MockNativeSystem.MockNativeSystem@36902638]" started-at="2022-06-15T13:19:19 IST" name="closeWindow" finished-at="2022-06-15T13:19:19 IST" duration-ms="88" status="PASS">
          <reporter-output>
          </reporter-output>
        </test-method> <!-- closeWindow -->
      </class> <!-- MockNativeSystem.MockNativeSystem -->
    </test> <!-- CelticClouds -->
    <test started-at="2022-06-15T13:19:19 IST" name="Lucky" finished-at="2022-06-15T13:21:18 IST" duration-ms="118983">
      <class name="MockNativeSystem.MockNativeSystem">
        <test-method is-config="true" signature="BeforeTest()[pri:0, instance:MockNativeSystem.MockNativeSystem@3febb011]" started-at="2022-06-15T13:19:19 IST" name="BeforeTest" finished-at="2022-06-15T13:20:21 IST" duration-ms="61945" status="PASS">
          <reporter-output>
          </reporter-output>
        </test-method> <!-- BeforeTest -->
        <test-method signature="Lucky()[pri:0, instance:MockNativeSystem.MockNativeSystem@3febb011]" started-at="2022-06-15T13:20:21 IST" name="Lucky" finished-at="2022-06-15T13:21:17 IST" duration-ms="55833" status="PASS">
          <reporter-output>
          </reporter-output>
        </test-method> <!-- Lucky -->
        <test-method is-config="true" signature="closeWindow()[pri:0, instance:MockNativeSystem.MockNativeSystem@3febb011]" started-at="2022-06-15T13:21:17 IST" name="closeWindow" finished-at="2022-06-15T13:21:18 IST" duration-ms="1202" status="PASS">
          <reporter-output>
          </reporter-output>
        </test-method> <!-- closeWindow -->
      </class> <!-- MockNativeSystem.MockNativeSystem -->
    </test> <!-- Lucky -->
  </suite> <!-- Suite -->
</testng-results>
